0 info it worked if it ends with ok
1 verbose cli [ '/usr/bin/node', '/usr/bin/npm', 'run', 'pretest', '--', '--fix' ]
2 info using npm@3.5.2
3 info using node@v8.10.0
4 verbose run-script [ 'pretest' ]
5 info lifecycle 2018_2_yetanothergame@1.0.0~pretest: 2018_2_yetanothergame@1.0.0
6 verbose lifecycle 2018_2_yetanothergame@1.0.0~pretest: unsafe-perm in lifecycle true
7 verbose lifecycle 2018_2_yetanothergame@1.0.0~pretest: PATH: /usr/share/npm/bin/node-gyp-bin:/home/denis/2018_2_YetAnotherGame/node_modules/.bin:/usr/local/sbin:/usr/local/bin:/usr/sbin:/usr/bin:/sbin:/bin:/usr/games:/usr/local/games:/snap/bin
8 verbose lifecycle 2018_2_yetanothergame@1.0.0~pretest: CWD: /home/denis/2018_2_YetAnotherGame
9 silly lifecycle 2018_2_yetanothergame@1.0.0~pretest: Args: [ '-c', 'eslint --ignore-path .gitignore . "--fix"' ]
10 silly lifecycle 2018_2_yetanothergame@1.0.0~pretest: Returned: code: 1  signal: null
11 info lifecycle 2018_2_yetanothergame@1.0.0~pretest: Failed to exec pretest script
12 verbose stack Error: 2018_2_yetanothergame@1.0.0 pretest: `eslint --ignore-path .gitignore . "--fix"`
12 verbose stack Exit status 1
12 verbose stack     at EventEmitter.<anonymous> (/usr/share/npm/lib/utils/lifecycle.js:232:16)
12 verbose stack     at emitTwo (events.js:126:13)
12 verbose stack     at EventEmitter.emit (events.js:214:7)
12 verbose stack     at ChildProcess.<anonymous> (/usr/share/npm/lib/utils/spawn.js:24:14)
12 verbose stack     at emitTwo (events.js:126:13)
12 verbose stack     at ChildProcess.emit (events.js:214:7)
12 verbose stack     at maybeClose (internal/child_process.js:925:16)
12 verbose stack     at Process.ChildProcess._handle.onexit (internal/child_process.js:209:5)
13 verbose pkgid 2018_2_yetanothergame@1.0.0
14 verbose cwd /home/denis/2018_2_YetAnotherGame
15 error Linux 4.15.0-34-generic
16 error argv "/usr/bin/node" "/usr/bin/npm" "run" "pretest" "--" "--fix"
17 error node v8.10.0
18 error npm  v3.5.2
19 error code ELIFECYCLE
20 error 2018_2_yetanothergame@1.0.0 pretest: `eslint --ignore-path .gitignore . "--fix"`
20 error Exit status 1
21 error Failed at the 2018_2_yetanothergame@1.0.0 pretest script 'eslint --ignore-path .gitignore . "--fix"'.
21 error Make sure you have the latest version of node.js and npm installed.
21 error If you do, this is most likely a problem with the 2018_2_yetanothergame package,
21 error not with npm itself.
21 error Tell the author that this fails on your system:
21 error     eslint --ignore-path .gitignore . "--fix"
21 error You can get information on how to open an issue for this project with:
21 error     npm bugs 2018_2_yetanothergame
21 error Or if that isn't available, you can get their info via:
21 error     npm owner ls 2018_2_yetanothergame
21 error There is likely additional logging output above.
22 verbose exit [ 1, true ]
